<?xml version="1.0" encoding="UTF-8"?>
<testng-results ignored="0" total="6" passed="6" failed="0" skipped="0">
  <reporter-output>
  </reporter-output>
  <suite started-at="2026-09-16T20:26:51 PDT" name="Surefire suite" finished-at="2026-09-16T20:27:32 PDT" duration-ms="40700">
    <groups>
      <group name="cucumber">
        <method signature="AbstractTestNGCucumberTests.runScenario(io.cucumber.testng.PickleWrapper,io.cucumber.testng.FeatureWrapper)[pri:0, instance:runner.CucumberContactUsTest@17c1bced]" name="runScenario" class="io.cucumber.testng.AbstractTestNGCucumberTests"/>
      </group> <!-- cucumber -->
    </groups>
    <test started-at="2026-09-16T20:26:51 PDT" name="Surefire test" finished-at="2026-09-16T20:27:32 PDT" duration-ms="40700">
      <class name="runner.CucumberContactUsTest">
        <test-method is-config="true" signature="setUpClass(org.testng.ITestContext)[pri:0, instance:runner.CucumberContactUsTest@17c1bced]" started-at="2026-09-16T20:26:51 PDT" name="setUpClass" finished-at="2026-09-16T20:26:52 PDT" duration-ms="433" status="PASS">
          <params>
            <param index="0">
              <value>
                <![CDATA[org.testng.TestRunner@636be97c]]>
              </value>
            </param>
          </params>
          <reporter-output>
          </reporter-output>
        </test-method> <!-- setUpClass -->
        <test-method signature="runScenario(io.cucumber.testng.PickleWrapper,io.cucumber.testng.FeatureWrapper)[pri:0, instance:runner.CucumberContactUsTest@17c1bced]" started-at="2026-09-16T20:26:52 PDT" name="runScenario" description="Runs Cucumber Scenarios" data-provider="scenarios" finished-at="2026-09-16T20:27:06 PDT" duration-ms="13753" status="PASS">
          <params>
            <param index="0">
              <value>
                <![CDATA["Valid Contact Us Form Submission - Using Specific Data"]]>
              </value>
            </param>
            <param index="1">
              <value>
                <![CDATA["webdriveruniversity.com - Contact Us Page"]]>
              </value>
            </param>
          </params>
          <reporter-output>
          </reporter-output>
        </test-method> <!-- runScenario -->
        <test-method signature="runScenario(io.cucumber.testng.PickleWrapper,io.cucumber.testng.FeatureWrapper)[pri:0, instance:runner.CucumberContactUsTest@17c1bced]" started-at="2026-09-16T20:27:06 PDT" name="runScenario" description="Runs Cucumber Scenarios" data-provider="scenarios" finished-at="2026-09-16T20:27:10 PDT" duration-ms="4942" status="PASS">
          <params>
            <param index="0">
              <value>
                <![CDATA["Valid Contact Us Form Submission - Using Random Data"]]>
              </value>
            </param>
            <param index="1">
              <value>
                <![CDATA["webdriveruniversity.com - Contact Us Page"]]>
              </value>
            </param>
          </params>
          <reporter-output>
          </reporter-output>
        </test-method> <!-- runScenario -->
        <test-method signature="runScenario(io.cucumber.testng.PickleWrapper,io.cucumber.testng.FeatureWrapper)[pri:0, instance:runner.CucumberContactUsTest@17c1bced]" started-at="2026-09-16T20:27:10 PDT" name="runScenario" description="Runs Cucumber Scenarios" data-provider="scenarios" finished-at="2026-09-16T20:27:16 PDT" duration-ms="5434" status="PASS">
          <params>
            <param index="0">
              <value>
                <![CDATA["Validate Contact Us Page"]]>
              </value>
            </param>
            <param index="1">
              <value>
                <![CDATA["webdriveruniversity.com - Contact Us Page"]]>
              </value>
            </param>
          </params>
          <reporter-output>
          </reporter-output>
        </test-method> <!-- runScenario -->
        <test-method signature="runScenario(io.cucumber.testng.PickleWrapper,io.cucumber.testng.FeatureWrapper)[pri:0, instance:runner.CucumberContactUsTest@17c1bced]" started-at="2026-09-16T20:27:16 PDT" name="runScenario" description="Runs Cucumber Scenarios" data-provider="scenarios" finished-at="2026-09-16T20:27:21 PDT" duration-ms="5566" status="PASS">
          <params>
            <param index="0">
              <value>
                <![CDATA["Validate Contact Us Page"]]>
              </value>
            </param>
            <param index="1">
              <value>
                <![CDATA["webdriveruniversity.com - Contact Us Page"]]>
              </value>
            </param>
          </params>
          <reporter-output>
          </reporter-output>
        </test-method> <!-- runScenario -->
        <test-method signature="runScenario(io.cucumber.testng.PickleWrapper,io.cucumber.testng.FeatureWrapper)[pri:0, instance:runner.CucumberContactUsTest@17c1bced]" started-at="2026-09-16T20:27:21 PDT" name="runScenario" description="Runs Cucumber Scenarios" data-provider="scenarios" finished-at="2026-09-16T20:27:27 PDT" duration-ms="5271" status="PASS">
          <params>
            <param index="0">
              <value>
                <![CDATA["Validate Contact Us Page"]]>
              </value>
            </param>
            <param index="1">
              <value>
                <![CDATA["webdriveruniversity.com - Contact Us Page"]]>
              </value>
            </param>
          </params>
          <reporter-output>
          </reporter-output>
        </test-method> <!-- runScenario -->
        <test-method signature="runScenario(io.cucumber.testng.PickleWrapper,io.cucumber.testng.FeatureWrapper)[pri:0, instance:runner.CucumberContactUsTest@17c1bced]" started-at="2026-09-16T20:27:27 PDT" name="runScenario" description="Runs Cucumber Scenarios" data-provider="scenarios" finished-at="2026-09-16T20:27:32 PDT" duration-ms="5233" status="PASS">
          <params>
            <param index="0">
              <value>
                <![CDATA["Validate Contact Us Page"]]>
              </value>
            </param>
            <param index="1">
              <value>
                <![CDATA["webdriveruniversity.com - Contact Us Page"]]>
              </value>
            </param>
          </params>
          <reporter-output>
          </reporter-output>
        </test-method> <!-- runScenario -->
        <test-method is-config="true" signature="tearDownClass()[pri:0, instance:runner.CucumberContactUsTest@17c1bced]" started-at="2026-09-16T20:27:32 PDT" name="tearDownClass" finished-at="2026-09-16T20:27:32 PDT" duration-ms="29" status="PASS">
          <reporter-output>
          </reporter-output>
        </test-method> <!-- tearDownClass -->
      </class> <!-- runner.CucumberContactUsTest -->
    </test> <!-- Surefire test -->
  </suite> <!-- Surefire suite -->
</testng-results>
