<?xml version="1.0" encoding="UTF-8"?>
<testsuite xmlns:xsi="http://www.w3.org/2001/XMLSchema-instance" xsi:noNamespaceSchemaLocation="https://maven.apache.org/surefire/maven-surefire-plugin/xsd/surefire-test-report-3.0.xsd" version="3.0" name="runner.CucumberLoginPageTest" time="12.401" tests="3" errors="0" skipped="0" failures="0">
  <properties>
[...]
</properties>
  <testcase name="runScenario[&quot;Login Portal Submission Attempts&quot;, &quot;webdriveruniversity.com - Login Page&quot;](1)" classname="runner.CucumberLoginPageTest" time="10.865">
    <system-out><![CDATA[
@regression @login
Scenario Outline: Login Portal Submission Attempts                            &amp#27;[90m# src/test/resources/features/LoginPage.feature:16&amp#27;[0m

@regression @login
Scenario Outline: Login Portal Submission Attempts                         &amp#27;[90m# src/test/resources/features/LoginPage.feature:17&amp#27;[0m

@regression @login @smoke
Scenario Outline: Login Portal Submission Attempts                            &amp#27;[90m# src/test/resources/features/LoginPage.feature:22&amp#27;[0m
  &amp#27;[32mGiven &amp#27;[0m&amp#27;[32mI navigate to the WDU homepage&amp#27;[0m                                        &amp#27;[90m# step_definitions.other.LoginPageSteps.navigateToWDUHomepage()&amp#27;[0m
  &amp#27;[32mGiven &amp#27;[0m&amp#27;[32mI navigate to the WDU homepage&amp#27;[0m                                        &amp#27;[90m# step_definitions.other.LoginPageSteps.navigateToWDUHomepage()&amp#27;[0m
  &amp#27;[32mGiven &amp#27;[0m&amp#27;[32mI navigate to the WDU homepage&amp#27;[0m                                     &amp#27;[90m# step_definitions.other.LoginPageSteps.navigateToWDUHomepage()&amp#27;[0m
  &amp#27;[32mWhen &amp#27;[0m&amp#27;[32mI click the Login Portal link&amp#27;[0m                                          &amp#27;[90m# step_definitions.other.LoginPageSteps.clickLoginPortal()&amp#27;[0m
  &amp#27;[32mAnd &amp#27;[0m&amp#27;[32mI type a username &amp#27;[0m&amp#27;[32m&amp#27;[1m'webdriver'&amp#27;[0m                                           &amp#27;[90m# step_definitions.other.LoginPageSteps.typeUsername(java.lang.String)&amp#27;[0m
  &amp#27;[32mAnd &amp#27;[0m&amp#27;[32mI type a password &amp#27;[0m&amp#27;[32m&amp#27;[1m'webdriver123'&amp#27;[0m                                        &amp#27;[90m# step_definitions.other.LoginPageSteps.typePassword(java.lang.String)&amp#27;[0m
Alert text: validation succeeded
  &amp#27;[32mWhen &amp#27;[0m&amp#27;[32mI click the Login Portal link&amp#27;[0m                                          &amp#27;[90m# step_definitions.other.LoginPageSteps.clickLoginPortal()&amp#27;[0m
  &amp#27;[32mAnd &amp#27;[0m&amp#27;[32mI type a username &amp#27;[0m&amp#27;[32m&amp#27;[1m'webdriver'&amp#27;[0m                                           &amp#27;[90m# step_definitions.other.LoginPageSteps.typeUsername(java.lang.String)&amp#27;[0m
  &amp#27;[32mAnd &amp#27;[0m&amp#27;[32mI type a password &amp#27;[0m&amp#27;[32m&amp#27;[1m'webdriver123'&amp#27;[0m                                        &amp#27;[90m# step_definitions.other.LoginPageSteps.typePassword(java.lang.String)&amp#27;[0m
  &amp#27;[32mAnd &amp#27;[0m&amp#27;[32mI click the Login button&amp#27;[0m                                                &amp#27;[90m# step_definitions.other.LoginPageSteps.clickLoginButton()&amp#27;[0m
  &amp#27;[32mThen &amp#27;[0m&amp#27;[32mI should see an alert containing a text message &amp#27;[0m&amp#27;[32m&amp#27;[1m'validation succeeded'&amp#27;[0m &amp#27;[90m# step_definitions.other.LoginPageSteps.verifyLoginMessage(java.lang.String)&amp#27;[0m
Alert text: validation succeeded
  &amp#27;[32mAnd &amp#27;[0m&amp#27;[32mI click the Login button&amp#27;[0m                                                &amp#27;[90m# step_definitions.other.LoginPageSteps.clickLoginButton()&amp#27;[0m
  &amp#27;[32mThen &amp#27;[0m&amp#27;[32mI should see an alert containing a text message &amp#27;[0m&amp#27;[32m&amp#27;[1m'validation succeeded'&amp#27;[0m &amp#27;[90m# step_definitions.other.LoginPageSteps.verifyLoginMessage(java.lang.String)&amp#27;[0m
  &amp#27;[32mWhen &amp#27;[0m&amp#27;[32mI click the Login Portal link&amp#27;[0m                                       &amp#27;[90m# step_definitions.other.LoginPageSteps.clickLoginPortal()&amp#27;[0m
  &amp#27;[32mAnd &amp#27;[0m&amp#27;[32mI type a username &amp#27;[0m&amp#27;[32m&amp#27;[1m'webdriver'&amp#27;[0m                                        &amp#27;[90m# step_definitions.other.LoginPageSteps.typeUsername(java.lang.String)&amp#27;[0m
  &amp#27;[32mAnd &amp#27;[0m&amp#27;[32mI type a password &amp#27;[0m&amp#27;[32m&amp#27;[1m'webdriver321'&amp#27;[0m                                     &amp#27;[90m# step_definitions.other.LoginPageSteps.typePassword(java.lang.String)&amp#27;[0m
]]></system-out>
    <system-err><![CDATA[SLF4J: Failed to load class "org.slf4j.impl.StaticLoggerBinder".
SLF4J: Defaulting to no-operation (NOP) logger implementation
SLF4J: See http://www.slf4j.org/codes.html#StaticLoggerBinder for further details.
Sep 02, 2026 9:37:58 PM com.example.PlaywrightBase2 startPlaywright
INFO: Playwright setup complete
Sep 02, 2026 9:37:58 PM com.example.PlaywrightBase2 startPlaywright
INFO: Playwright setup complete
Sep 02, 2026 9:37:59 PM com.example.PlaywrightBase2 startPlaywright
INFO: Playwright setup complete
Sep 02, 2026 9:38:01 PM com.example.PlaywrightBase2 closePlaywright
INFO: Playwright torn down
]]></system-err>
  </testcase>
  <testcase name="runScenario[&quot;Login Portal Submission Attempts&quot;, &quot;webdriveruniversity.com - Login Page&quot;](2)" classname="runner.CucumberLoginPageTest" time="11.13">
    <system-out><![CDATA[Alert text: validation failed
  &amp#27;[32mAnd &amp#27;[0m&amp#27;[32mI click the Login button&amp#27;[0m                                             &amp#27;[90m# step_definitions.other.LoginPageSteps.clickLoginButton()&amp#27;[0m
  &amp#27;[32mThen &amp#27;[0m&amp#27;[32mI should see an alert containing a text message &amp#27;[0m&amp#27;[32m&amp#27;[1m'validation failed'&amp#27;[0m &amp#27;[90m# step_definitions.other.LoginPageSteps.verifyLoginMessage(java.lang.String)&amp#27;[0m
]]></system-out>
    <system-err><![CDATA[Sep 02, 2026 9:38:02 PM com.example.PlaywrightBase2 closePlaywright
INFO: Playwright torn down
]]></system-err>
  </testcase>
  <testcase name="runScenario[&quot;Login Portal Submission Attempts&quot;, &quot;webdriveruniversity.com - Login Page&quot;](3)" classname="runner.CucumberLoginPageTest" time="11.635">
    <system-err><![CDATA[Sep 02, 2026 9:38:02 PM com.example.PlaywrightBase2 closePlaywright
INFO: Playwright torn down
]]></system-err>
  </testcase>
</testsuite>