<?xml version="1.0" encoding="UTF-8"?>
<!-- Generated by org.testng.reporters.JUnitReportReporter -->
<testsuite hostname="DavidTUFlaptop" failures="0" tests="6" name="runner.CucumberContactUsTest" time="73.349" errors="0" timestamp="2026-09-02T21:54:05 PDT" skipped="0">
  <testcase classname="runner.CucumberContactUsTest" name="runScenario" time="13.715"/>
  <testcase classname="runner.CucumberContactUsTest" name="runScenario" time="13.037"/>
  <testcase classname="runner.CucumberContactUsTest" name="runScenario" time="3.557"/>
  <testcase classname="runner.CucumberContactUsTest" name="runScenario" time="14.643"/>
  <testcase classname="runner.CucumberContactUsTest" name="runScenario" time="13.228"/>
  <testcase classname="runner.CucumberContactUsTest" name="runScenario" time="15.169"/>
</testsuite> <!-- runner.CucumberContactUsTest -->
