<?xml version="1.0" encoding="UTF-8"?>
<!-- Generated by org.testng.reporters.JUnitReportReporter -->
<testsuite hostname="DavidTUFlaptop" failures="0" tests="3" name="runner.CucumberLoginPageTest" time="42.263" errors="0" timestamp="2026-09-02T21:54:05 PDT" skipped="0">
  <testcase classname="runner.CucumberLoginPageTest" name="runScenario" time="13.602"/>
  <testcase classname="runner.CucumberLoginPageTest" name="runScenario" time="14.594"/>
  <testcase classname="runner.CucumberLoginPageTest" name="runScenario" time="14.067"/>
</testsuite> <!-- runner.CucumberLoginPageTest -->
