<?xml version="1.0" encoding="UTF-8"?>
<!-- Generated by org.testng.reporters.JUnitReportReporter -->
<testsuite hostname="DavidTUFlaptop" failures="0" tests="6" name="runner.CucumberContactUsTest" time="36.517" errors="0" timestamp="2026-09-15T14:50:47 PDT" skipped="0">
  <testcase classname="runner.CucumberContactUsTest" name="runScenario" time="4.955"/>
  <testcase classname="runner.CucumberContactUsTest" name="runScenario" time="4.904"/>
  <testcase classname="runner.CucumberContactUsTest" name="runScenario" time="10.799"/>
  <testcase classname="runner.CucumberContactUsTest" name="runScenario" time="5.250"/>
  <testcase classname="runner.CucumberContactUsTest" name="runScenario" time="5.347"/>
  <testcase classname="runner.CucumberContactUsTest" name="runScenario" time="5.262"/>
</testsuite> <!-- runner.CucumberContactUsTest -->
